Started GET "/" for 127.0.0.1 at 2022-04-06 09:53:41 -0700
  [1m[35m (1.3ms)[0m  [1m[34mSELECT sqlite_version(*)[0m
Processing by Rails::WelcomeController#index as HTML
  Rendering /Users/jakekim/.rvm/gems/ruby-3.0.3/gems/railties-6.1.5/lib/rails/templates/rails/welcome/index.html.erb
  Rendered /Users/jakekim/.rvm/gems/ruby-3.0.3/gems/railties-6.1.5/lib/rails/templates/rails/welcome/index.html.erb (Duration: 7.7ms | Allocations: 593)
Completed 200 OK in 18ms (Views: 10.7ms | ActiveRecord: 0.0ms | Allocations: 4749)


  [1m[35m (0.2ms)[0m  [1m[34mSELECT sqlite_version(*)[0m
  [1m[35m (0.4ms)[0m  [1m[35mCREATE TABLE "schema_migrations" ("version" varchar NOT NULL PRIMARY KEY)[0m
  [1m[35m (0.8ms)[0m  [1m[35mCREATE TABLE "ar_internal_metadata" ("key" varchar NOT NULL PRIMARY KEY, "value" varchar, "created_at" datetime(6) NOT NULL, "updated_at" datetime(6) NOT NULL)[0m
  [1m[35m (0.0ms)[0m  [1m[34mSELECT "schema_migrations"."version" FROM "schema_migrations" ORDER BY "schema_migrations"."version" ASC[0m
Migrating to CreateCvhsLockers (20220406170627)
  [1m[36mTRANSACTION (0.1ms)[0m  [1m[36mbegin transaction[0m
  [1m[35m (0.3ms)[0m  [1m[35mCREATE TABLE "cvhs_lockers" ("id" integer PRIMARY KEY AUTOINCREMENT NOT NULL, "name1" varchar, "name2" varchar, "studentID1" integer, "studentID2" integer, "pref1" integer, "pref2" integer, "pref3" integer, "lastName1" varchar, "lastName2" varchar, "lockerNum" integer, "buildingNum" varchar, "locker_unique" varchar, "created_at" datetime(6) NOT NULL, "updated_at" datetime(6) NOT NULL)[0m
  [1m[36mActiveRecord::SchemaMigration Create (0.1ms)[0m  [1m[32mINSERT INTO "schema_migrations" ("version") VALUES (?)[0m  [["version", "20220406170627"]]
  [1m[36mTRANSACTION (0.4ms)[0m  [1m[36mcommit transaction[0m
Migrating to CreateLockersDbs (20220406170750)
  [1m[36mTRANSACTION (0.1ms)[0m  [1m[36mbegin transaction[0m
  [1m[35m (0.2ms)[0m  [1m[35mCREATE TABLE "lockers_dbs" ("id" integer PRIMARY KEY AUTOINCREMENT NOT NULL, "building" varchar, "unique" integer, "locker_id" integer, "created_at" datetime(6) NOT NULL, "updated_at" datetime(6) NOT NULL)[0m
  [1m[36mActiveRecord::SchemaMigration Create (0.1ms)[0m  [1m[32mINSERT INTO "schema_migrations" ("version") VALUES (?)[0m  [["version", "20220406170750"]]
  [1m[36mTRANSACTION (0.3ms)[0m  [1m[36mcommit transaction[0m
Migrating to CreateRestrictions (20220406170844)
  [1m[36mTRANSACTION (0.0ms)[0m  [1m[36mbegin transaction[0m
  [1m[35m (0.2ms)[0m  [1m[35mCREATE TABLE "restrictions" ("id" integer PRIMARY KEY AUTOINCREMENT NOT NULL, "floors" varchar, "grades" integer, "full_buildings" varchar, "created_at" datetime(6) NOT NULL, "updated_at" datetime(6) NOT NULL)[0m
  [1m[36mActiveRecord::SchemaMigration Create (0.0ms)[0m  [1m[32mINSERT INTO "schema_migrations" ("version") VALUES (?)[0m  [["version", "20220406170844"]]
  [1m[36mTRANSACTION (0.3ms)[0m  [1m[36mcommit transaction[0m
Migrating to CreateStudents (20220406170945)
  [1m[36mTRANSACTION (0.0ms)[0m  [1m[36mbegin transaction[0m
  [1m[35m (0.2ms)[0m  [1m[35mCREATE TABLE "students" ("id" integer PRIMARY KEY AUTOINCREMENT NOT NULL, "first_name" varchar, "last_name" varchar, "student_id" integer, "grade" integer, "created_at" datetime(6) NOT NULL, "updated_at" datetime(6) NOT NULL)[0m
  [1m[36mActiveRecord::SchemaMigration Create (0.1ms)[0m  [1m[32mINSERT INTO "schema_migrations" ("version") VALUES (?)[0m  [["version", "20220406170945"]]
  [1m[36mTRANSACTION (0.3ms)[0m  [1m[36mcommit transaction[0m
  [1m[36mActiveRecord::InternalMetadata Load (0.1ms)[0m  [1m[34mSELECT "ar_internal_metadata".* FROM "ar_internal_metadata" WHERE "ar_internal_metadata"."key" = ? LIMIT ?[0m  [["key", "environment"], ["LIMIT", 1]]
  [1m[36mTRANSACTION (0.0ms)[0m  [1m[36mbegin transaction[0m
  [1m[36mActiveRecord::InternalMetadata Create (0.2ms)[0m  [1m[32mINSERT INTO "ar_internal_metadata" ("key", "value", "created_at", "updated_at") VALUES (?, ?, ?, ?)[0m  [["key", "environment"], ["value", "development"], ["created_at", "2022-04-06 17:09:51.478911"], ["updated_at", "2022-04-06 17:09:51.478911"]]
  [1m[36mTRANSACTION (0.2ms)[0m  [1m[36mcommit transaction[0m
  [1m[35m (0.0ms)[0m  [1m[34mSELECT sqlite_version(*)[0m
  [1m[35m (0.0ms)[0m  [1m[34mSELECT "schema_migrations"."version" FROM "schema_migrations" ORDER BY "schema_migrations"."version" ASC[0m
Started GET "/" for 127.0.0.1 at 2022-04-06 10:25:46 -0700
  [1m[35m (0.4ms)[0m  [1m[34mSELECT sqlite_version(*)[0m
  [1m[35m (0.1ms)[0m  [1m[34mSELECT "schema_migrations"."version" FROM "schema_migrations" ORDER BY "schema_migrations"."version" ASC[0m
Processing by CvhsLockersController#disclaimer as HTML
  Rendering layout layouts/application.html.erb
  Rendering cvhs_lockers/disclaimer.html.erb within layouts/application
  Rendered cvhs_lockers/disclaimer.html.erb within layouts/application (Duration: 0.6ms | Allocations: 402)
  Rendered layout layouts/application.html.erb (Duration: 331.5ms | Allocations: 46749)
Completed 500 Internal Server Error in 338ms (ActiveRecord: 0.0ms | Allocations: 50295)


  
ActionView::Template::Error (Asset `application.js` was not declared to be precompiled in production.
Declare links to your assets in `app/assets/config/manifest.js`.

  //= link application.js

and restart your server):
    17:         <link rel="stylesheet" href="/assets/bootstrap/css/bootstrap.min.css">
    18:         <link rel="stylesheet" href="/assets/stylesheets/css/style.css">
    19: 
    20:          <%= javascript_include_tag 'application', 'data-turbolinks-track' => true %>
    21:             <%= csrf_meta_tags %>
    22: 
    23:         <!-- HTML5 shim, for IE6-8 support of HTML5 elements -->
  
app/views/layouts/application.html.erb:20
Started GET "/" for 127.0.0.1 at 2022-04-06 10:27:16 -0700
Processing by CvhsLockersController#disclaimer as HTML
  Rendering layout layouts/application.html.erb
  Rendering cvhs_lockers/disclaimer.html.erb within layouts/application
  Rendered cvhs_lockers/disclaimer.html.erb within layouts/application (Duration: 0.4ms | Allocations: 37)
  Rendered layout layouts/application.html.erb (Duration: 32.2ms | Allocations: 9702)
Completed 200 OK in 36ms (Views: 34.2ms | ActiveRecord: 0.0ms | Allocations: 10219)


  
ActionController::RoutingError (No route matches [GET] "/assets/bootstrap/css/bootstrap.min.css"):
  
  
ActionController::RoutingError (No route matches [GET] "/assets/fonts/Oleo.css"):
  
  
ActionController::RoutingError (No route matches [GET] "/assets/stylesheets/css/style.css"):
  
  
ActionController::RoutingError (No route matches [GET] "/assets/stylesheets/js/jquery-1.8.2.min.js"):
  
  
ActionController::RoutingError (No route matches [GET] "/assets/bootstrap/js/bootstrap.min.js"):
  
  
ActionController::RoutingError (No route matches [GET] "/assets/bootstrap/css/maxcdn.css"):
  
  
ActionController::RoutingError (No route matches [GET] "/assets/stylesheets/js/jquery.backstretch.min.js"):
  
  
ActionController::RoutingError (No route matches [GET] "/assets/javascripts/application.js"):
  
  
ActionController::RoutingError (No route matches [GET] "/assets/images/logo.jpg"):
  
  
ActionController::RoutingError (No route matches [GET] "/assets/stylesheets/js/scripts.js"):
  
Started GET "/small_logo.png" for 127.0.0.1 at 2022-04-06 10:27:17 -0700
  
ActionController::RoutingError (No route matches [GET] "/small_logo.png"):
  
Started GET "/new" for 127.0.0.1 at 2022-04-06 10:27:19 -0700
Processing by CvhsLockersController#new as HTML
  [1m[36mRestriction Load (1.0ms)[0m  [1m[34mSELECT "restrictions".* FROM "restrictions" ORDER BY "restrictions"."id" ASC LIMIT ?[0m  [["LIMIT", 1]]
  ↳ app/controllers/cvhs_lockers_controller.rb:20:in `new'
  [1m[36mCACHE Restriction Load (0.0ms)[0m  [1m[34mSELECT "restrictions".* FROM "restrictions" ORDER BY "restrictions"."id" ASC LIMIT ?[0m  [["LIMIT", 1]]
  ↳ app/controllers/cvhs_lockers_controller.rb:21:in `new'
Completed 500 Internal Server Error in 39ms (ActiveRecord: 2.4ms | Allocations: 11452)


  
NoMethodError (undefined method `+' for nil:NilClass):
  
app/controllers/cvhs_lockers_controller.rb:22:in `new'
  
ActionController::RoutingError (No route matches [GET] "/assets/images/logo.jpg"):
  
Started GET "/" for 127.0.0.1 at 2022-04-06 10:28:39 -0700
Processing by CvhsLockersController#disclaimer as HTML
  Rendering layout layouts/application.html.erb
  Rendering cvhs_lockers/disclaimer.html.erb within layouts/application
  Rendered cvhs_lockers/disclaimer.html.erb within layouts/application (Duration: 0.2ms | Allocations: 37)
  Rendered layout layouts/application.html.erb (Duration: 18.0ms | Allocations: 2636)
Completed 200 OK in 21ms (Views: 19.5ms | ActiveRecord: 0.0ms | Allocations: 3082)


  
ActionController::RoutingError (No route matches [GET] "/assets/fonts/Oleo.css"):
  
  
ActionController::RoutingError (No route matches [GET] "/assets/stylesheets/css/style.css"):
  
  
ActionController::RoutingError (No route matches [GET] "/assets/bootstrap/css/bootstrap.min.css"):
  
  
ActionController::RoutingError (No route matches [GET] "/assets/bootstrap/js/bootstrap.min.js"):
  
  
ActionController::RoutingError (No route matches [GET] "/assets/stylesheets/js/jquery-1.8.2.min.js"):
  
  
ActionController::RoutingError (No route matches [GET] "/assets/bootstrap/css/maxcdn.css"):
  
  
ActionController::RoutingError (No route matches [GET] "/assets/javascripts/application.js"):
  
  
ActionController::RoutingError (No route matches [GET] "/assets/stylesheets/js/jquery.backstretch.min.js"):
  
  
ActionController::RoutingError (No route matches [GET] "/assets/stylesheets/js/scripts.js"):
  
  
ActionController::RoutingError (No route matches [GET] "/assets/images/logo.jpg"):
  
Started GET "/new" for 127.0.0.1 at 2022-04-06 10:28:42 -0700
Processing by CvhsLockersController#new as HTML
  [1m[36mRestriction Load (0.3ms)[0m  [1m[34mSELECT "restrictions".* FROM "restrictions" ORDER BY "restrictions"."id" ASC LIMIT ?[0m  [["LIMIT", 1]]
  ↳ app/controllers/cvhs_lockers_controller.rb:20:in `new'
  [1m[36mCACHE Restriction Load (0.0ms)[0m  [1m[34mSELECT "restrictions".* FROM "restrictions" ORDER BY "restrictions"."id" ASC LIMIT ?[0m  [["LIMIT", 1]]
  ↳ app/controllers/cvhs_lockers_controller.rb:21:in `new'
Completed 500 Internal Server Error in 8ms (ActiveRecord: 0.3ms | Allocations: 2366)


  
NoMethodError (undefined method `+' for nil:NilClass):
  
app/controllers/cvhs_lockers_controller.rb:22:in `new'
  
ActionController::RoutingError (No route matches [GET] "/assets/images/logo.jpg"):
  
